2024-08-24 14:12:42,910 - opfython.stream.splitter — INFO — Splitting data ...
2024-08-24 14:12:42,912 - opfython.stream.splitter — DEBUG — X_1: (898, 64) | X_2: (899, 64) | Y_1: (898,) | Y_2: (899,).
2024-08-24 14:12:42,913 - opfython.stream.splitter — INFO — Data splitted.
2024-08-24 14:14:22,373 - opfython.stream.splitter — INFO — Splitting data ...
2024-08-24 14:14:22,374 - opfython.stream.splitter — DEBUG — X_1: (898, 64) | X_2: (899, 64) | Y_1: (898,) | Y_2: (899,).
2024-08-24 14:14:22,375 - opfython.stream.splitter — INFO — Data splitted.
2024-08-24 14:14:22,375 - opfython.models.supervised — INFO — Overriding class: OPF -> SupervisedOPF.
2024-08-24 14:14:22,376 - opfython.core.opf — INFO — Creating class: OPF.
2024-08-24 14:14:22,376 - opfython.core.opf — DEBUG — Distance: log_squared_euclidean | Pre-computed distance: False.
2024-08-24 14:14:22,377 - opfython.core.opf — INFO — Class created.
2024-08-24 14:14:22,377 - opfython.models.supervised — INFO — Class overrided.
2024-08-24 14:14:22,377 - opfython.models.supervised — INFO — Fitting classifier ...
2024-08-24 14:14:22,380 - opfython.models.supervised — DEBUG — Finding prototypes ...
2024-08-24 14:14:23,174 - opfython.models.supervised — DEBUG — Prototypes: [834, 65, 378, 333, 708, 892, 820, 523, 576, 113, 592, 37, 221, 743, 609, 104, 648, 157, 326, 353, 450, 66, 220, 515, 6, 683, 116, 451, 337, 281, 713, 540, 759, 577, 99, 249, 511, 410, 796, 768, 390, 537, 88, 173, 670, 298, 176, 248, 795].
2024-08-24 14:14:23,822 - opfython.models.supervised — INFO — Classifier has been fitted.
2024-08-24 14:14:23,822 - opfython.models.supervised — INFO — Training time: 1.4439220428466797 seconds.
2024-08-24 14:16:28,422 - opfython.stream.splitter — INFO — Splitting data ...
2024-08-24 14:16:28,423 - opfython.stream.splitter — DEBUG — X_1: (898, 64) | X_2: (899, 64) | Y_1: (898,) | Y_2: (899,).
2024-08-24 14:16:28,424 - opfython.stream.splitter — INFO — Data splitted.
2024-08-24 14:16:28,425 - opfython.models.supervised — INFO — Overriding class: OPF -> SupervisedOPF.
2024-08-24 14:16:28,425 - opfython.core.opf — INFO — Creating class: OPF.
2024-08-24 14:16:28,426 - opfython.core.opf — DEBUG — Distance: log_squared_euclidean | Pre-computed distance: False.
2024-08-24 14:16:28,426 - opfython.core.opf — INFO — Class created.
2024-08-24 14:16:28,426 - opfython.models.supervised — INFO — Class overrided.
2024-08-24 14:16:28,427 - opfython.models.supervised — INFO — Fitting classifier ...
2024-08-24 14:16:28,434 - opfython.models.supervised — DEBUG — Finding prototypes ...
2024-08-24 14:16:29,145 - opfython.models.supervised — DEBUG — Prototypes: [834, 65, 378, 333, 708, 892, 820, 523, 576, 113, 592, 37, 221, 743, 609, 104, 648, 157, 326, 353, 450, 66, 220, 515, 6, 683, 116, 451, 337, 281, 713, 540, 759, 577, 99, 249, 511, 410, 796, 768, 390, 537, 88, 173, 670, 298, 176, 248, 795].
2024-08-24 14:16:30,950 - opfython.models.supervised — INFO — Classifier has been fitted.
2024-08-24 14:16:30,951 - opfython.models.supervised — INFO — Training time: 2.5225155353546143 seconds.
2024-08-24 14:16:30,952 - opfython.models.supervised — INFO — Predicting data ...
2024-08-24 14:16:33,239 - opfython.models.supervised — INFO — Data has been predicted.
2024-08-24 14:16:33,239 - opfython.models.supervised — INFO — Prediction time: 2.2868170738220215 seconds.
2024-08-24 14:31:43,226 - opfython.stream.splitter — INFO — Splitting data ...
2024-08-24 14:31:43,228 - opfython.stream.splitter — DEBUG — X_1: (898, 64) | X_2: (899, 64) | Y_1: (898,) | Y_2: (899,).
2024-08-24 14:31:43,228 - opfython.stream.splitter — INFO — Data splitted.
2024-08-24 14:32:20,745 - opfython.stream.splitter — INFO — Splitting data ...
2024-08-24 14:32:20,746 - opfython.stream.splitter — DEBUG — X_1: (898, 64) | X_2: (899, 64) | Y_1: (898,) | Y_2: (899,).
2024-08-24 14:32:20,747 - opfython.stream.splitter — INFO — Data splitted.
2024-08-24 14:32:20,760 - opfython.models.supervised — INFO — Overriding class: OPF -> SupervisedOPF.
2024-08-24 14:32:20,761 - opfython.core.opf — INFO — Creating class: OPF.
2024-08-24 14:32:20,761 - opfython.core.opf — DEBUG — Distance: log_squared_euclidean | Pre-computed distance: False.
2024-08-24 14:32:20,762 - opfython.core.opf — INFO — Class created.
2024-08-24 14:32:20,762 - opfython.models.supervised — INFO — Class overrided.
2024-08-24 14:32:20,763 - opfython.models.supervised — INFO — Fitting classifier ...
2024-08-24 14:32:20,765 - opfython.models.supervised — DEBUG — Finding prototypes ...
2024-08-24 14:32:21,564 - opfython.models.supervised — DEBUG — Prototypes: [19, 250, 159, 696, 768, 390, 321, 834, 0, 434, 637, 845, 73, 206, 513, 257, 896, 10, 353, 872, 499, 615, 507, 459, 518, 207, 384, 491, 405, 714, 620, 667, 883, 68, 31, 261, 638, 705, 425, 608, 668, 495, 58, 588, 570, 232, 745, 886, 219, 285, 422, 748, 648, 841, 582, 777, 571, 339, 806, 260, 48, 575, 329, 792, 802, 795, 281, 266, 473, 743, 544, 394, 275, 853, 480, 231, 521, 609, 104, 730, 169, 501, 726, 576, 174, 340, 794, 176, 3, 116, 310, 447, 844, 822, 25, 249, 269, 671, 258, 112, 205, 665, 577, 364, 99, 664, 679, 410, 139, 791, 251, 436, 212, 210, 229, 628, 114, 449, 515, 854, 193, 406, 270, 487, 203, 80, 761, 347, 57, 641, 88, 298, 328, 225, 268, 537, 709, 138, 477, 462].
2024-08-24 14:32:22,197 - opfython.models.supervised — INFO — Classifier has been fitted.
2024-08-24 14:32:22,198 - opfython.models.supervised — INFO — Training time: 1.4341626167297363 seconds.
2024-08-24 14:32:22,198 - opfython.models.supervised — INFO — Predicting data ...
2024-08-24 14:32:23,095 - opfython.models.supervised — INFO — Data has been predicted.
2024-08-24 14:32:23,096 - opfython.models.supervised — INFO — Prediction time: 0.8960132598876953 seconds.
2024-08-24 14:32:23,098 - opfython.models.supervised — INFO — Overriding class: OPF -> SupervisedOPF.
2024-08-24 14:32:23,098 - opfython.core.opf — INFO — Creating class: OPF.
2024-08-24 14:32:23,099 - opfython.core.opf — DEBUG — Distance: log_squared_euclidean | Pre-computed distance: False.
2024-08-24 14:32:23,099 - opfython.core.opf — INFO — Class created.
2024-08-24 14:32:23,100 - opfython.models.supervised — INFO — Class overrided.
2024-08-24 14:32:23,100 - opfython.models.supervised — INFO — Fitting classifier ...
2024-08-24 14:32:23,103 - opfython.models.supervised — DEBUG — Finding prototypes ...
2024-08-24 14:32:23,495 - opfython.models.supervised — DEBUG — Prototypes: [834, 65, 757, 416, 66, 871, 742, 448, 731, 89, 292, 616, 407, 396, 434, 233, 591, 706, 859, 726, 501, 459, 507, 582, 465, 353, 872, 220, 515, 609, 104, 267, 57, 748, 648, 445, 795, 777, 668, 258, 588, 58, 799, 692, 347, 720, 572, 570, 508, 841, 717, 254, 256, 571, 440, 281, 266, 329, 48, 116, 452, 683, 6, 400, 348, 487, 203, 759, 796, 100, 302, 577, 99, 88, 635, 644, 344, 54, 144, 165, 102, 204, 298, 124, 112, 317, 458, 477, 462, 768, 29, 547, 600, 537, 248, 787, 80, 270, 74, 444, 641, 563].
2024-08-24 14:32:24,150 - opfython.models.supervised — INFO — Classifier has been fitted.
2024-08-24 14:32:24,151 - opfython.models.supervised — INFO — Training time: 1.0496845245361328 seconds.
2024-08-24 14:32:24,152 - opfython.models.supervised — INFO — Predicting data ...
2024-08-24 14:32:25,034 - opfython.models.supervised — INFO — Data has been predicted.
2024-08-24 14:32:25,035 - opfython.models.supervised — INFO — Prediction time: 0.8821403980255127 seconds.
2024-08-24 14:32:25,036 - opfython.models.supervised — INFO — Overriding class: OPF -> SupervisedOPF.
2024-08-24 14:32:25,036 - opfython.core.opf — INFO — Creating class: OPF.
2024-08-24 14:32:25,037 - opfython.core.opf — DEBUG — Distance: log_squared_euclidean | Pre-computed distance: False.
2024-08-24 14:32:25,037 - opfython.core.opf — INFO — Class created.
2024-08-24 14:32:25,037 - opfython.models.supervised — INFO — Class overrided.
2024-08-24 14:32:25,037 - opfython.models.supervised — INFO — Fitting classifier ...
2024-08-24 14:32:25,039 - opfython.models.supervised — DEBUG — Finding prototypes ...
2024-08-24 14:32:25,412 - opfython.models.supervised — DEBUG — Prototypes: [337, 867, 708, 333, 879, 257, 681, 491, 386, 330, 609, 104, 486, 51, 648, 777, 754, 523, 592, 37, 576, 220, 515, 309, 342, 108, 673, 312, 875, 801, 177, 417, 434, 394, 668, 864, 517, 577, 99, 540, 568, 251, 537, 88, 249, 511, 462, 725, 199, 284, 487, 416, 635, 610, 799, 747, 826, 232, 248, 371, 173, 670, 298, 176, 288, 474, 854, 641, 329].
2024-08-24 14:32:26,065 - opfython.models.supervised — INFO — Classifier has been fitted.
2024-08-24 14:32:26,066 - opfython.models.supervised — INFO — Training time: 1.0276496410369873 seconds.
2024-08-24 14:32:26,067 - opfython.models.supervised — INFO — Predicting data ...
2024-08-24 14:32:26,900 - opfython.models.supervised — INFO — Data has been predicted.
2024-08-24 14:32:26,901 - opfython.models.supervised — INFO — Prediction time: 0.8326363563537598 seconds.
2024-08-24 14:32:26,903 - opfython.models.supervised — INFO — Overriding class: OPF -> SupervisedOPF.
2024-08-24 14:32:26,903 - opfython.core.opf — INFO — Creating class: OPF.
2024-08-24 14:32:26,904 - opfython.core.opf — DEBUG — Distance: log_squared_euclidean | Pre-computed distance: False.
2024-08-24 14:32:26,905 - opfython.core.opf — INFO — Class created.
2024-08-24 14:32:26,905 - opfython.models.supervised — INFO — Class overrided.
2024-08-24 14:32:26,905 - opfython.models.supervised — INFO — Fitting classifier ...
2024-08-24 14:32:26,908 - opfython.models.supervised — DEBUG — Finding prototypes ...
2024-08-24 14:32:27,298 - opfython.models.supervised — DEBUG — Prototypes: [378, 333, 834, 585, 66, 710, 134, 648, 157, 523, 820, 450, 580, 119, 27, 321, 524, 413, 762, 52, 185, 440, 342, 57, 602, 639, 285, 500, 626, 415, 683, 6, 208, 442, 356, 813, 609, 104, 540, 779, 353, 748, 281, 847, 189, 441, 635, 318, 774, 107, 801, 526, 449, 30, 576, 113, 538, 823, 749, 735, 470, 422, 515, 271, 577, 96, 687, 251, 676, 337, 844, 116, 769, 173, 340, 790, 258, 714, 486, 501, 203, 619, 99, 176, 150, 249, 192, 643, 789, 721, 537, 359, 210, 371, 849, 487, 248, 660, 854, 511, 225, 641, 794, 288].
2024-08-24 14:32:27,924 - opfython.models.supervised — INFO — Classifier has been fitted.
2024-08-24 14:32:27,924 - opfython.models.supervised — INFO — Training time: 1.0178265571594238 seconds.
2024-08-24 14:32:27,925 - opfython.models.supervised — INFO — Predicting data ...
2024-08-24 14:32:28,815 - opfython.models.supervised — INFO — Data has been predicted.
2024-08-24 14:32:28,816 - opfython.models.supervised — INFO — Prediction time: 0.888932466506958 seconds.
2024-08-24 14:32:28,817 - opfython.models.supervised — INFO — Overriding class: OPF -> SupervisedOPF.
2024-08-24 14:32:28,817 - opfython.core.opf — INFO — Creating class: OPF.
2024-08-24 14:32:28,818 - opfython.core.opf — DEBUG — Distance: log_squared_euclidean | Pre-computed distance: False.
2024-08-24 14:32:28,818 - opfython.core.opf — INFO — Class created.
2024-08-24 14:32:28,819 - opfython.models.supervised — INFO — Class overrided.
2024-08-24 14:32:28,819 - opfython.models.supervised — INFO — Fitting classifier ...
2024-08-24 14:32:28,821 - opfython.models.supervised — DEBUG — Finding prototypes ...
2024-08-24 14:32:29,197 - opfython.models.supervised — DEBUG — Prototypes: [22, 585, 834, 65, 757, 416, 800, 787, 523, 820, 576, 113, 203, 99, 577, 440, 357, 683, 6, 777, 784, 573, 823, 434, 93, 883, 330, 609, 104, 48, 329, 748, 884, 220, 515, 648, 157, 628, 114, 486, 667, 731, 89, 768, 29, 791, 665, 512, 540, 733, 487, 687, 762, 635, 3, 210, 156, 537, 88, 249, 347, 458, 619, 281, 522, 298, 176, 225, 854, 641, 836].
2024-08-24 14:32:29,842 - opfython.models.supervised — INFO — Classifier has been fitted.
2024-08-24 14:32:29,843 - opfython.models.supervised — INFO — Training time: 1.022521734237671 seconds.
2024-08-24 14:32:29,843 - opfython.models.supervised — INFO — Predicting data ...
2024-08-24 14:32:30,779 - opfython.models.supervised — INFO — Data has been predicted.
2024-08-24 14:32:30,779 - opfython.models.supervised — INFO — Prediction time: 0.9343349933624268 seconds.
2024-08-24 14:32:30,785 - opfython.models.supervised — INFO — Overriding class: OPF -> SupervisedOPF.
2024-08-24 14:32:30,785 - opfython.core.opf — INFO — Creating class: OPF.
2024-08-24 14:32:30,786 - opfython.core.opf — DEBUG — Distance: log_squared_euclidean | Pre-computed distance: False.
2024-08-24 14:32:30,786 - opfython.core.opf — INFO — Class created.
2024-08-24 14:32:30,786 - opfython.models.supervised — INFO — Class overrided.
2024-08-24 14:32:30,787 - opfython.models.supervised — INFO — Fitting classifier ...
2024-08-24 14:32:30,790 - opfython.models.supervised — DEBUG — Finding prototypes ...
2024-08-24 14:32:31,177 - opfython.models.supervised — DEBUG — Prototypes: [724, 65, 853, 333, 796, 410, 249, 511, 854, 193, 616, 199, 203, 759, 337, 859, 369, 885, 434, 731, 659, 398, 95, 524, 852, 458, 537, 88, 862, 368, 173, 670, 17, 481, 491, 28, 882, 633, 727, 335, 714, 299, 748, 639, 820, 523, 576, 113, 547, 501, 726, 540, 565, 2, 281, 83, 400, 469, 789, 25, 648, 254, 347, 251, 676, 450, 580, 697, 693, 394, 391, 592, 37, 577, 660, 735, 749, 768, 635, 3, 112, 683, 521, 546, 212, 733, 619, 101, 609, 104, 298, 176, 329, 472, 538, 740, 787, 641, 175].
2024-08-24 14:32:31,838 - opfython.models.supervised — INFO — Classifier has been fitted.
2024-08-24 14:32:31,839 - opfython.models.supervised — INFO — Training time: 1.0505292415618896 seconds.
2024-08-24 14:32:31,839 - opfython.models.supervised — INFO — Predicting data ...
2024-08-24 14:32:32,731 - opfython.models.supervised — INFO — Data has been predicted.
2024-08-24 14:32:32,732 - opfython.models.supervised — INFO — Prediction time: 0.8910901546478271 seconds.
2024-08-24 14:32:32,733 - opfython.models.supervised — INFO — Overriding class: OPF -> SupervisedOPF.
2024-08-24 14:32:32,733 - opfython.core.opf — INFO — Creating class: OPF.
2024-08-24 14:32:32,734 - opfython.core.opf — DEBUG — Distance: log_squared_euclidean | Pre-computed distance: False.
2024-08-24 14:32:32,734 - opfython.core.opf — INFO — Class created.
2024-08-24 14:32:32,734 - opfython.models.supervised — INFO — Class overrided.
2024-08-24 14:32:32,734 - opfython.models.supervised — INFO — Fitting classifier ...
2024-08-24 14:32:32,737 - opfython.models.supervised — DEBUG — Finding prototypes ...
2024-08-24 14:32:33,114 - opfython.models.supervised — DEBUG — Prototypes: [440, 715, 885, 369, 679, 411, 439, 65, 21, 333, 834, 398, 664, 743, 473, 96, 472, 880, 748, 695, 485, 855, 511, 573, 410, 796, 624, 193, 768, 379, 305, 840, 853, 729, 603, 737, 852, 413, 584, 758, 246, 814, 789, 25, 129, 694, 22, 732, 635, 3, 249, 640, 800, 347, 4, 576, 113, 523, 820, 594, 592, 37, 740, 711, 779, 109, 291, 325, 117, 155, 785, 566, 826, 726, 174, 164, 577, 15, 150, 457, 593, 565, 631, 12, 480, 626, 483, 298, 267, 233, 821, 458, 724, 585, 525, 232, 872, 684, 189, 491, 716, 228, 519, 819, 103, 824, 474, 763, 49, 484, 705, 395, 481, 449, 424, 342, 515, 135, 352, 895, 646, 648, 157, 801, 655, 319, 537, 464, 88, 477, 445, 38, 499, 858, 653, 609, 104, 550, 301, 337, 286, 396, 225, 686, 394, 290, 248, 85, 386, 673, 687, 599, 108, 527, 173, 670, 251, 201, 284, 591, 759, 656, 43, 857, 27, 470, 788, 540, 400, 567, 48, 229, 552, 192, 469, 641, 175].
2024-08-24 14:32:33,748 - opfython.models.supervised — INFO — Classifier has been fitted.
2024-08-24 14:32:33,749 - opfython.models.supervised — INFO — Training time: 1.0131053924560547 seconds.
2024-08-24 14:32:33,749 - opfython.models.supervised — INFO — Predicting data ...
2024-08-24 14:32:34,695 - opfython.models.supervised — INFO — Data has been predicted.
2024-08-24 14:32:34,696 - opfython.models.supervised — INFO — Prediction time: 0.9449920654296875 seconds.
2024-08-24 14:32:34,697 - opfython.models.supervised — INFO — Overriding class: OPF -> SupervisedOPF.
2024-08-24 14:32:34,697 - opfython.core.opf — INFO — Creating class: OPF.
2024-08-24 14:32:34,698 - opfython.core.opf — DEBUG — Distance: log_squared_euclidean | Pre-computed distance: False.
2024-08-24 14:32:34,699 - opfython.core.opf — INFO — Class created.
2024-08-24 14:32:34,699 - opfython.models.supervised — INFO — Class overrided.
2024-08-24 14:32:34,699 - opfython.models.supervised — INFO — Fitting classifier ...
2024-08-24 14:32:34,702 - opfython.models.supervised — DEBUG — Finding prototypes ...
2024-08-24 14:32:35,085 - opfython.models.supervised — DEBUG — Prototypes: [708, 892, 885, 664, 416, 706, 95, 66, 450, 580, 648, 405, 620, 431, 607, 60, 866, 842, 221, 184, 743, 668, 684, 654, 825, 313, 794, 756, 252, 572, 11, 67, 373, 518, 111, 747, 705, 243, 79, 441, 46, 621, 232, 49, 863, 484, 871, 228, 234, 17, 755, 777, 109, 784, 611, 821, 619, 509, 65, 724, 748, 103, 425, 732, 745, 115, 285, 473, 143, 886, 28, 326, 543, 714, 864, 544, 367, 138, 217, 727, 120, 208, 336, 663, 254, 116, 880, 645, 56, 565, 22, 524, 568, 24, 876, 281, 83, 749, 702, 781, 445, 210, 757, 353, 872, 523, 21, 167, 114, 779, 290, 845, 277, 258, 633, 410, 701, 25, 331, 511, 877, 176, 180, 275, 470, 422, 674, 298, 267, 773, 521, 733, 165, 515, 220, 774, 683, 6, 570, 719, 400, 214, 438, 635, 318, 458, 404, 787, 592, 540, 591, 759, 537, 88, 396, 823, 676, 469, 737, 574, 799, 338, 133, 669, 731, 454, 859, 874, 576, 547, 768, 390, 71, 229, 815, 542, 499, 858, 284, 391, 397, 609, 387, 775, 0, 474, 124, 545, 841, 455, 813, 761, 448, 257, 139, 494, 857, 86, 58, 685, 641, 117, 656, 618, 361, 55, 462, 12, 585, 340, 293, 873, 394, 173, 616, 687, 246, 225, 268].
2024-08-24 14:32:35,699 - opfython.models.supervised — INFO — Classifier has been fitted.
2024-08-24 14:32:35,700 - opfython.models.supervised — INFO — Training time: 0.9992067813873291 seconds.
2024-08-24 14:32:35,701 - opfython.models.supervised — INFO — Predicting data ...
2024-08-24 14:32:36,722 - opfython.models.supervised — INFO — Data has been predicted.
2024-08-24 14:32:36,723 - opfython.models.supervised — INFO — Prediction time: 1.0210213661193848 seconds.
2024-08-24 14:32:36,724 - opfython.models.supervised — INFO — Overriding class: OPF -> SupervisedOPF.
2024-08-24 14:32:36,725 - opfython.core.opf — INFO — Creating class: OPF.
2024-08-24 14:32:36,725 - opfython.core.opf — DEBUG — Distance: log_squared_euclidean | Pre-computed distance: False.
2024-08-24 14:32:36,725 - opfython.core.opf — INFO — Class created.
2024-08-24 14:32:36,726 - opfython.models.supervised — INFO — Class overrided.
2024-08-24 14:32:36,726 - opfython.models.supervised — INFO — Fitting classifier ...
2024-08-24 14:32:36,729 - opfython.models.supervised — DEBUG — Finding prototypes ...
2024-08-24 14:32:37,120 - opfython.models.supervised — DEBUG — Prototypes: [440, 788, 96, 885, 834, 65, 439, 749, 369, 329, 694, 708, 333, 357, 715, 499, 858, 806, 181, 565, 56, 608, 496, 706, 217, 748, 299, 445, 563, 732, 473, 267, 477, 203, 537, 88, 77, 661, 714, 201, 627, 353, 527, 744, 346, 221, 761, 598, 872, 774, 302, 555, 620, 825, 205, 271, 107, 330, 673, 883, 372, 237, 219, 424, 206, 481, 17, 100, 638, 408, 882, 86, 10, 609, 387, 275, 515, 220, 540, 636, 124, 434, 796, 410, 428, 193, 268, 511, 458, 464, 249, 214, 635, 3, 501, 576, 849, 347, 628, 454, 854, 74, 804, 258, 668, 281, 422, 810, 57, 655, 777, 648, 71, 763, 543, 37, 592, 116, 769, 1, 742, 873, 862, 248, 795, 208, 461, 538, 452, 802, 361, 687, 878, 799, 133, 683, 6, 173, 622, 392, 841, 316, 641, 888].
2024-08-24 14:32:37,782 - opfython.models.supervised — INFO — Classifier has been fitted.
2024-08-24 14:32:37,783 - opfython.models.supervised — INFO — Training time: 1.054584264755249 seconds.
2024-08-24 14:32:37,783 - opfython.models.supervised — INFO — Predicting data ...
2024-08-24 14:32:38,695 - opfython.models.supervised — INFO — Data has been predicted.
2024-08-24 14:32:38,696 - opfython.models.supervised — INFO — Prediction time: 0.9116339683532715 seconds.
2024-08-24 14:32:38,697 - opfython.models.supervised — INFO — Overriding class: OPF -> SupervisedOPF.
2024-08-24 14:32:38,698 - opfython.core.opf — INFO — Creating class: OPF.
2024-08-24 14:32:38,698 - opfython.core.opf — DEBUG — Distance: log_squared_euclidean | Pre-computed distance: False.
2024-08-24 14:32:38,698 - opfython.core.opf — INFO — Class created.
2024-08-24 14:32:38,699 - opfython.models.supervised — INFO — Class overrided.
2024-08-24 14:32:38,699 - opfython.models.supervised — INFO — Fitting classifier ...
2024-08-24 14:32:38,702 - opfython.models.supervised — DEBUG — Finding prototypes ...
2024-08-24 14:32:39,066 - opfython.models.supervised — DEBUG — Prototypes: [731, 0, 722, 715, 574, 894, 430, 708, 741, 724, 65, 477, 95, 281, 524, 500, 37, 592, 737, 585, 86, 126, 635, 485, 537, 88, 257, 144, 342, 212, 810, 791, 321, 44, 555, 107, 744, 437, 408, 302, 172, 743, 842, 28, 514, 353, 872, 217, 335, 326, 824, 544, 445, 143, 602, 674, 435, 285, 115, 732, 619, 465, 781, 518, 111, 874, 822, 692, 648, 202, 450, 405, 17, 706, 755, 109, 777, 51, 556, 11, 794, 338, 133, 620, 893, 818, 802, 264, 645, 276, 663, 885, 440, 595, 727, 336, 749, 139, 720, 21, 254, 470, 170, 422, 96, 689, 185, 508, 200, 39, 812, 214, 641, 825, 412, 736, 773, 861, 173, 670, 223, 491, 486, 517, 845, 534, 487, 572, 756, 22, 565, 104, 476, 416, 678, 337, 348, 859, 319, 66, 819, 448, 361, 55, 857, 759, 434, 71, 525, 896, 834, 580, 378, 609, 58, 449, 862, 81, 550, 301, 540, 138, 40, 41, 329, 694, 665, 815, 882, 633, 347, 576, 306, 795, 568, 248, 394, 668, 311, 769, 687, 469, 854, 25, 458, 296, 199, 38, 298, 124, 644, 386, 426, 566, 841, 855, 389, 538, 579, 813, 229, 649, 615, 499, 396, 189, 626, 640, 623, 428, 74, 468, 392, 112, 259, 793, 310, 799, 120, 12, 512, 735].
2024-08-24 14:32:39,679 - opfython.models.supervised — INFO — Classifier has been fitted.
2024-08-24 14:32:39,680 - opfython.models.supervised — INFO — Training time: 0.979499340057373 seconds.
2024-08-24 14:32:39,681 - opfython.models.supervised — INFO — Predicting data ...
2024-08-24 14:32:40,663 - opfython.models.supervised — INFO — Data has been predicted.
2024-08-24 14:32:40,664 - opfython.models.supervised — INFO — Prediction time: 0.98148512840271 seconds.
2024-08-24 14:32:40,669 - opfython.models.supervised — INFO — Overriding class: OPF -> SupervisedOPF.
2024-08-24 14:32:40,669 - opfython.core.opf — INFO — Creating class: OPF.
2024-08-24 14:32:40,670 - opfython.core.opf — DEBUG — Distance: log_squared_euclidean | Pre-computed distance: False.
2024-08-24 14:32:40,670 - opfython.core.opf — INFO — Class created.
2024-08-24 14:32:40,670 - opfython.models.supervised — INFO — Class overrided.
2024-08-24 14:32:40,671 - opfython.models.supervised — INFO — Fitting classifier ...
2024-08-24 14:32:40,673 - opfython.models.supervised — DEBUG — Finding prototypes ...
2024-08-24 14:32:41,070 - opfython.models.supervised — DEBUG — Prototypes: [834, 65, 576, 113, 22, 38, 668, 821, 107, 217, 10, 879, 540, 36, 275, 608, 189, 883, 60, 190, 485, 644, 648, 157, 544, 872, 619, 172, 609, 104, 724, 66, 502, 727, 316, 470, 422, 126, 679, 592, 838, 845, 73, 571, 339, 185, 440, 116, 452, 683, 6, 203, 757, 144, 750, 577, 489, 99, 732, 745, 515, 220, 768, 390, 819, 710, 337, 793, 500, 748, 96, 176, 486, 591, 186, 531, 449, 795, 477, 462, 108, 368, 458, 284, 456, 112, 258, 572, 742, 801, 478, 248, 371, 537, 88, 102, 474, 849, 41, 857, 759, 394, 641, 719, 361, 547].
2024-08-24 14:32:41,734 - opfython.models.supervised — INFO — Classifier has been fitted.
2024-08-24 14:32:41,735 - opfython.models.supervised — INFO — Training time: 1.063507318496704 seconds.
2024-08-24 14:32:41,736 - opfython.models.supervised — INFO — Predicting data ...
2024-08-24 14:32:42,644 - opfython.models.supervised — INFO — Data has been predicted.
2024-08-24 14:32:42,645 - opfython.models.supervised — INFO — Prediction time: 0.907860517501831 seconds.
2024-08-24 14:32:42,646 - opfython.models.supervised — INFO — Overriding class: OPF -> SupervisedOPF.
2024-08-24 14:32:42,646 - opfython.core.opf — INFO — Creating class: OPF.
2024-08-24 14:32:42,646 - opfython.core.opf — DEBUG — Distance: log_squared_euclidean | Pre-computed distance: False.
2024-08-24 14:32:42,647 - opfython.core.opf — INFO — Class created.
2024-08-24 14:32:42,647 - opfython.models.supervised — INFO — Class overrided.
2024-08-24 14:32:42,647 - opfython.models.supervised — INFO — Fitting classifier ...
2024-08-24 14:32:42,649 - opfython.models.supervised — DEBUG — Finding prototypes ...
2024-08-24 14:32:43,017 - opfython.models.supervised — DEBUG — Prototypes: [834, 65, 757, 416, 203, 434, 871, 378, 333, 337, 771, 891, 708, 867, 530, 640, 845, 73, 6, 683, 116, 451, 185, 440, 560, 663, 523, 820, 595, 217, 714, 872, 777, 648, 221, 743, 540, 568, 570, 572, 609, 104, 275, 674, 300, 162, 576, 113, 628, 114, 5, 803, 124, 396, 470, 316, 768, 669, 249, 511, 515, 821, 223, 710, 748, 639, 102, 474, 108, 229, 288, 298, 176, 248, 775, 641, 353, 537, 88, 635, 812, 210, 156, 361, 394].
2024-08-24 14:32:43,651 - opfython.models.supervised — INFO — Classifier has been fitted.
2024-08-24 14:32:43,652 - opfython.models.supervised — INFO — Training time: 1.0037007331848145 seconds.
2024-08-24 14:32:43,652 - opfython.models.supervised — INFO — Predicting data ...
2024-08-24 14:32:44,516 - opfython.models.supervised — INFO — Data has been predicted.
2024-08-24 14:32:44,517 - opfython.models.supervised — INFO — Prediction time: 0.8634688854217529 seconds.
2024-08-24 14:32:44,518 - opfython.models.supervised — INFO — Overriding class: OPF -> SupervisedOPF.
2024-08-24 14:32:44,518 - opfython.core.opf — INFO — Creating class: OPF.
2024-08-24 14:32:44,519 - opfython.core.opf — DEBUG — Distance: log_squared_euclidean | Pre-computed distance: False.
2024-08-24 14:32:44,520 - opfython.core.opf — INFO — Class created.
2024-08-24 14:32:44,520 - opfython.models.supervised — INFO — Class overrided.
2024-08-24 14:32:44,520 - opfython.models.supervised — INFO — Fitting classifier ...
2024-08-24 14:32:44,523 - opfython.models.supervised — DEBUG — Finding prototypes ...
2024-08-24 14:32:44,884 - opfython.models.supervised — DEBUG — Prototypes: [319, 197, 628, 333, 834, 114, 585, 398, 757, 0, 74, 671, 477, 416, 426, 194, 244, 451, 116, 152, 695, 449, 342, 353, 883, 67, 656, 441, 445, 788, 748, 639, 499, 384, 6, 683, 609, 104, 408, 100, 801, 526, 299, 335, 873, 94, 329, 472, 176, 644, 523, 820, 576, 838, 487, 250, 841, 172, 687, 762, 537, 88, 648, 777, 854, 749, 641, 173, 108, 525, 577, 297, 369, 210, 321, 814, 768, 390, 729, 603, 669, 444, 249, 511, 447, 225, 540, 568, 1, 894, 731, 89, 512, 258, 394, 668, 288, 492, 400, 619, 248, 96, 635, 506, 626, 588, 298, 410].
2024-08-24 14:32:45,516 - opfython.models.supervised — INFO — Classifier has been fitted.
2024-08-24 14:32:45,517 - opfython.models.supervised — INFO — Training time: 0.9954638481140137 seconds.
2024-08-24 14:32:45,518 - opfython.models.supervised — INFO — Predicting data ...
2024-08-24 14:32:46,391 - opfython.models.supervised — INFO — Data has been predicted.
2024-08-24 14:32:46,392 - opfython.models.supervised — INFO — Prediction time: 0.872483491897583 seconds.
2024-08-24 14:32:46,393 - opfython.models.supervised — INFO — Overriding class: OPF -> SupervisedOPF.
2024-08-24 14:32:46,393 - opfython.core.opf — INFO — Creating class: OPF.
2024-08-24 14:32:46,394 - opfython.core.opf — DEBUG — Distance: log_squared_euclidean | Pre-computed distance: False.
2024-08-24 14:32:46,394 - opfython.core.opf — INFO — Class created.
2024-08-24 14:32:46,395 - opfython.models.supervised — INFO — Class overrided.
2024-08-24 14:32:46,395 - opfython.models.supervised — INFO — Fitting classifier ...
2024-08-24 14:32:46,397 - opfython.models.supervised — DEBUG — Finding prototypes ...
2024-08-24 14:32:46,763 - opfython.models.supervised — DEBUG — Prototypes: [834, 585, 860, 375, 724, 65, 378, 333, 450, 66, 735, 749, 523, 820, 576, 174, 726, 501, 398, 708, 592, 838, 321, 524, 890, 339, 683, 6, 33, 578, 648, 157, 459, 431, 495, 748, 227, 353, 521, 384, 638, 705, 103, 668, 841, 803, 883, 49, 94, 595, 285, 183, 394, 149, 768, 390, 609, 104, 538, 823, 120, 425, 210, 757, 176, 804, 470, 500, 535, 91, 434, 859, 449, 795, 258, 714, 337, 462, 477, 320, 742, 448, 112, 221, 102, 228, 348, 801, 619, 361, 851, 251, 805, 212, 537, 725, 857, 671, 487, 203, 641, 719].
2024-08-24 14:32:47,403 - opfython.models.supervised — INFO — Classifier has been fitted.
2024-08-24 14:32:47,404 - opfython.models.supervised — INFO — Training time: 1.0075287818908691 seconds.
2024-08-24 14:32:47,405 - opfython.models.supervised — INFO — Predicting data ...
2024-08-24 14:32:48,316 - opfython.models.supervised — INFO — Data has been predicted.
2024-08-24 14:32:48,317 - opfython.models.supervised — INFO — Prediction time: 0.9110512733459473 seconds.
2024-08-24 14:32:48,318 - opfython.models.supervised — INFO — Overriding class: OPF -> SupervisedOPF.
2024-08-24 14:32:48,319 - opfython.core.opf — INFO — Creating class: OPF.
2024-08-24 14:32:48,319 - opfython.core.opf — DEBUG — Distance: log_squared_euclidean | Pre-computed distance: False.
2024-08-24 14:32:48,320 - opfython.core.opf — INFO — Class created.
2024-08-24 14:32:48,321 - opfython.models.supervised — INFO — Class overrided.
2024-08-24 14:32:48,321 - opfython.models.supervised — INFO — Fitting classifier ...
2024-08-24 14:32:48,324 - opfython.models.supervised — DEBUG — Finding prototypes ...
2024-08-24 14:32:48,710 - opfython.models.supervised — DEBUG — Prototypes: [834, 616, 21, 439, 447, 250, 434, 379, 796, 410, 768, 29, 458, 193, 249, 511, 861, 812, 393, 774, 627, 684, 465, 326, 633, 317, 484, 49, 219, 842, 459, 515, 220, 606, 845, 609, 104, 6, 683, 648, 51, 281, 187, 628, 398, 337, 95, 635, 859, 860, 741, 576, 547, 882, 676, 799, 747, 664, 109, 88, 203, 487, 416, 829, 753, 577, 756, 540, 759, 537, 789, 348, 854, 225, 248, 787, 687, 277, 735, 749, 641, 563].
2024-08-24 14:32:49,401 - opfython.models.supervised — INFO — Classifier has been fitted.
2024-08-24 14:32:49,402 - opfython.models.supervised — INFO — Training time: 1.078993797302246 seconds.
2024-08-24 14:32:49,402 - opfython.models.supervised — INFO — Predicting data ...
2024-08-24 14:32:50,303 - opfython.models.supervised — INFO — Data has been predicted.
2024-08-24 14:32:50,304 - opfython.models.supervised — INFO — Prediction time: 0.9005095958709717 seconds.
2024-08-24 14:32:50,308 - opfython.models.supervised — INFO — Overriding class: OPF -> SupervisedOPF.
2024-08-24 14:32:50,309 - opfython.core.opf — INFO — Creating class: OPF.
2024-08-24 14:32:50,310 - opfython.core.opf — DEBUG — Distance: log_squared_euclidean | Pre-computed distance: False.
2024-08-24 14:32:50,310 - opfython.core.opf — INFO — Class created.
2024-08-24 14:32:50,311 - opfython.models.supervised — INFO — Class overrided.
2024-08-24 14:32:50,311 - opfython.models.supervised — INFO — Fitting classifier ...
2024-08-24 14:32:50,314 - opfython.models.supervised — DEBUG — Finding prototypes ...
2024-08-24 14:32:50,688 - opfython.models.supervised — DEBUG — Prototypes: [664, 892, 860, 197, 628, 114, 447, 574, 834, 450, 678, 706, 95, 22, 65, 109, 439, 454, 19, 250, 487, 603, 666, 729, 768, 506, 390, 193, 379, 720, 804, 814, 643, 536, 185, 661, 635, 8, 300, 845, 606, 12, 855, 540, 568, 529, 791, 318, 410, 796, 176, 511, 655, 749, 398, 588, 40, 74, 759, 434, 728, 269, 474, 614, 206, 853, 605, 577, 756, 833, 648, 405, 157, 149, 668, 813, 394, 435, 258, 744, 330, 620, 67, 189, 10, 638, 824, 408, 839, 646, 872, 207, 227, 484, 49, 774, 326, 353, 748, 886, 772, 440, 840, 710, 134, 257, 214, 368, 826, 566, 113, 576, 838, 754, 523, 820, 267, 3, 735, 6, 683, 396, 669, 687, 877, 515, 68, 237, 219, 538, 172, 173, 801, 71, 20, 595, 361, 873, 619, 591, 400, 103, 679, 445, 486, 667, 676, 251, 731, 210, 275, 64, 88, 203, 879, 761, 895, 249, 609, 104, 340, 794, 459, 298, 537, 337, 841, 248, 288, 702, 641, 571].
2024-08-24 14:32:51,323 - opfython.models.supervised — INFO — Classifier has been fitted.
2024-08-24 14:32:51,324 - opfython.models.supervised — INFO — Training time: 1.0112290382385254 seconds.
2024-08-24 14:32:51,324 - opfython.models.supervised — INFO — Predicting data ...
2024-08-24 14:32:52,252 - opfython.models.supervised — INFO — Data has been predicted.
2024-08-24 14:32:52,253 - opfython.models.supervised — INFO — Prediction time: 0.9268369674682617 seconds.
2024-08-24 14:32:52,254 - opfython.models.supervised — INFO — Overriding class: OPF -> SupervisedOPF.
2024-08-24 14:32:52,254 - opfython.core.opf — INFO — Creating class: OPF.
2024-08-24 14:32:52,255 - opfython.core.opf — DEBUG — Distance: log_squared_euclidean | Pre-computed distance: False.
2024-08-24 14:32:52,255 - opfython.core.opf — INFO — Class created.
2024-08-24 14:32:52,256 - opfython.models.supervised — INFO — Class overrided.
2024-08-24 14:32:52,256 - opfython.models.supervised — INFO — Fitting classifier ...
2024-08-24 14:32:52,258 - opfython.models.supervised — DEBUG — Finding prototypes ...
2024-08-24 14:32:52,622 - opfython.models.supervised — DEBUG — Prototypes: [14, 250, 612, 129, 577, 371, 860, 0, 852, 855, 524, 834, 208, 713, 35, 439, 380, 25, 331, 55, 511, 176, 804, 473, 645, 893, 574, 722, 336, 416, 281, 708, 679, 199, 221, 13, 326, 28, 748, 465, 649, 879, 714, 349, 595, 115, 727, 368, 24, 841, 770, 206, 648, 157, 99, 22, 788, 515, 875, 369, 360, 749, 214, 606, 249, 438, 721, 499, 543, 456, 793, 605, 580, 497, 288, 74, 78, 591, 521, 405, 400, 683, 639, 778, 631, 592, 4, 120, 576, 754, 547, 320, 138, 726, 609, 104, 802, 662, 731, 389, 586, 280, 257, 633, 602, 436, 285, 109, 678, 864, 669, 41, 565, 786, 404, 737, 48, 458, 712, 111, 242, 540, 254, 777, 167, 668, 229, 345, 474, 763, 12, 647, 112, 384, 337, 771, 284, 338, 729, 644, 635, 269, 251, 80, 831, 386, 353, 572, 570, 108, 212, 517, 819, 388, 641, 175, 882, 799, 133, 537, 698, 88, 340, 829, 693, 155, 84, 566, 535, 225, 268, 210, 672].
2024-08-24 14:32:53,262 - opfython.models.supervised — INFO — Classifier has been fitted.
2024-08-24 14:32:53,263 - opfython.models.supervised — INFO — Training time: 1.0059599876403809 seconds.
2024-08-24 14:32:53,264 - opfython.models.supervised — INFO — Predicting data ...
2024-08-24 14:32:54,215 - opfython.models.supervised — INFO — Data has been predicted.
2024-08-24 14:32:54,216 - opfython.models.supervised — INFO — Prediction time: 0.9512693881988525 seconds.
2024-08-24 14:32:54,217 - opfython.models.supervised — INFO — Overriding class: OPF -> SupervisedOPF.
2024-08-24 14:32:54,217 - opfython.core.opf — INFO — Creating class: OPF.
2024-08-24 14:32:54,218 - opfython.core.opf — DEBUG — Distance: log_squared_euclidean | Pre-computed distance: False.
2024-08-24 14:32:54,219 - opfython.core.opf — INFO — Class created.
2024-08-24 14:32:54,219 - opfython.models.supervised — INFO — Class overrided.
2024-08-24 14:32:54,220 - opfython.models.supervised — INFO — Fitting classifier ...
2024-08-24 14:32:54,222 - opfython.models.supervised — DEBUG — Finding prototypes ...
2024-08-24 14:32:54,580 - opfython.models.supervised — DEBUG — Prototypes: [853, 333, 708, 885, 487, 416, 203, 724, 65, 735, 749, 800, 250, 33, 4, 107, 330, 353, 872, 486, 710, 326, 28, 681, 879, 17, 481, 422, 431, 219, 459, 258, 395, 206, 728, 842, 515, 232, 560, 764, 748, 714, 663, 645, 439, 440, 860, 741, 664, 109, 648, 434, 93, 726, 501, 829, 753, 796, 410, 768, 25, 249, 529, 835, 473, 683, 6, 445, 690, 713, 343, 73, 210, 672, 285, 172, 537, 725, 57, 267, 565, 540, 576, 547, 88, 588, 58, 795, 609, 104, 80, 270, 862, 550, 408, 221, 248, 347, 838, 799, 133, 212, 5, 458, 337, 66, 802, 271, 456, 229, 635, 857, 882, 165, 102, 74, 804, 173, 670, 400, 450, 793, 418, 687, 283, 298, 573, 641, 373, 225, 268].
2024-08-24 14:32:56,156 - opfython.models.supervised — INFO — Classifier has been fitted.
2024-08-24 14:32:56,157 - opfython.models.supervised — INFO — Training time: 1.9357695579528809 seconds.
2024-08-24 14:32:56,157 - opfython.models.supervised — INFO — Predicting data ...
2024-08-24 14:32:58,528 - opfython.models.supervised — INFO — Data has been predicted.
2024-08-24 14:32:58,528 - opfython.models.supervised — INFO — Prediction time: 2.3698480129241943 seconds.
2024-08-24 14:32:58,530 - opfython.models.supervised — INFO — Overriding class: OPF -> SupervisedOPF.
2024-08-24 14:32:58,530 - opfython.core.opf — INFO — Creating class: OPF.
2024-08-24 14:32:58,531 - opfython.core.opf — DEBUG — Distance: log_squared_euclidean | Pre-computed distance: False.
2024-08-24 14:32:58,531 - opfython.core.opf — INFO — Class created.
2024-08-24 14:32:58,532 - opfython.models.supervised — INFO — Class overrided.
2024-08-24 14:32:58,532 - opfython.models.supervised — INFO — Fitting classifier ...
2024-08-24 14:32:58,538 - opfython.models.supervised — DEBUG — Finding prototypes ...
2024-08-24 14:32:59,199 - opfython.models.supervised — DEBUG — Prototypes: [185, 741, 834, 65, 628, 440, 885, 96, 369, 757, 416, 708, 38, 357, 715, 574, 845, 73, 116, 451, 666, 0, 193, 485, 410, 796, 791, 331, 434, 124, 203, 321, 768, 404, 473, 285, 35, 619, 465, 267, 107, 330, 10, 681, 206, 633, 109, 202, 326, 701, 761, 346, 172, 743, 58, 860, 21, 439, 481, 17, 249, 511, 74, 804, 294, 419, 565, 56, 268, 774, 393, 748, 704, 214, 113, 576, 635, 877, 609, 104, 777, 537, 477, 88, 486, 550, 301, 515, 261, 103, 111, 787, 415, 233, 384, 714, 201, 458, 396, 422, 470, 577, 445, 139, 712, 248, 795, 343, 661, 210, 756, 129, 612, 173, 298, 130, 894, 648, 540, 568, 108, 117, 347, 280, 284, 456, 626, 37, 799, 133, 641, 888, 394, 225, 589, 793, 447].
2024-08-24 14:33:00,935 - opfython.models.supervised — INFO — Classifier has been fitted.
2024-08-24 14:33:00,936 - opfython.models.supervised — INFO — Training time: 2.401675224304199 seconds.
2024-08-24 14:33:00,936 - opfython.models.supervised — INFO — Predicting data ...
2024-08-24 14:33:03,347 - opfython.models.supervised — INFO — Data has been predicted.
2024-08-24 14:33:03,348 - opfython.models.supervised — INFO — Prediction time: 2.4106948375701904 seconds.
2024-08-24 14:33:03,349 - opfython.models.supervised — INFO — Overriding class: OPF -> SupervisedOPF.
2024-08-24 14:33:03,350 - opfython.core.opf — INFO — Creating class: OPF.
2024-08-24 14:33:03,350 - opfython.core.opf — DEBUG — Distance: log_squared_euclidean | Pre-computed distance: False.
2024-08-24 14:33:03,350 - opfython.core.opf — INFO — Class created.
2024-08-24 14:33:03,350 - opfython.models.supervised — INFO — Class overrided.
2024-08-24 14:33:03,351 - opfython.models.supervised — INFO — Fitting classifier ...
2024-08-24 14:33:03,355 - opfython.models.supervised — DEBUG — Finding prototypes ...
2024-08-24 14:33:04,035 - opfython.models.supervised — DEBUG — Prototypes: [708, 38, 834, 333, 326, 608, 821, 716, 743, 744, 405, 514, 638, 633, 68, 491, 648, 157, 777, 781, 252, 620, 228, 664, 879, 609, 104, 722, 574, 640, 530, 576, 113, 523, 820, 787, 119, 845, 73, 678, 65, 316, 815, 275, 13, 223, 710, 394, 668, 343, 577, 353, 390, 768, 434, 531, 25, 630, 6, 683, 116, 870, 185, 440, 84, 792, 24, 689, 445, 109, 281, 713, 635, 877, 108, 220, 138, 585, 248, 795, 470, 422, 340, 748, 58, 799, 854, 791, 540, 759, 458, 380, 284, 199, 102, 882, 212, 30, 173, 670, 337, 66, 537, 477, 361, 547, 249, 511, 641, 794, 298, 176].
2024-08-24 14:33:05,804 - opfython.models.supervised — INFO — Classifier has been fitted.
2024-08-24 14:33:05,805 - opfython.models.supervised — INFO — Training time: 2.453524351119995 seconds.
2024-08-24 14:33:05,806 - opfython.models.supervised — INFO — Predicting data ...
2024-08-24 14:33:08,138 - opfython.models.supervised — INFO — Data has been predicted.
2024-08-24 14:33:08,139 - opfython.models.supervised — INFO — Prediction time: 2.331231117248535 seconds.
